test.obj : error LNK2019: 无法解析的外部符号 prtinf，函数 main 中引用了该符号
test.obj : error LNK2001: 无法解析的外部符号 g_val
D:\cyuyan\code\C-CODE\bit2022\x64\Debug\bit2022.exe : fatal error LNK1120: 2 个无法解析的外部命令
